  [1m[35m (611.1ms)[0m  [1m[35mCREATE DATABASE "team_roster_development" ENCODING = 'unicode'[0m
  [1m[35m (387.0ms)[0m  [1m[35mCREATE DATABASE "team_roster_test" ENCODING = 'unicode'[0m
  [1m[35m (49.3ms)[0m  [1m[35mCREATE TABLE "schema_migrations" ("version" character varying NOT NULL PRIMARY KEY)[0m
  [1m[35m (7.5ms)[0m  [1m[35mCREATE TABLE "ar_internal_metadata" ("key" character varying NOT NULL PRIMARY KEY, "value" character varying, "created_at" timestamp(6) NOT NULL, "updated_at" timestamp(6) NOT NULL)[0m
  [1m[35m (0.9ms)[0m  [1m[34mSELECT pg_try_advisory_lock(1712788611408402360)[0m
  [1m[35m (1.1ms)[0m  [1m[34mSELECT "schema_migrations"."version" FROM "schema_migrations" ORDER BY "schema_migrations"."version" ASC[0m
Migrating to CreateUsers (20200914230116)
  [1m[35m (22.4ms)[0m  [1m[35mBEGIN[0m
  [1m[35m (8.4ms)[0m  [1m[35mCREATE TABLE "users" ("id" bigserial primary key, "username" character varying, "password" character varying, "created_at" timestamp(6) NOT NULL, "updated_at" timestamp(6) NOT NULL)[0m
  [1m[36mprimary::SchemaMigration Create (1.2ms)[0m  [1m[32mINSERT INTO "schema_migrations" ("version") VALUES ($1) RETURNING "version"[0m  [["version", "20200914230116"]]
  [1m[35m (0.7ms)[0m  [1m[35mCOMMIT[0m
Migrating to CreateEvents (20200914230320)
  [1m[35m (22.6ms)[0m  [1m[35mBEGIN[0m
  [1m[35m (13.4ms)[0m  [1m[35mCREATE TABLE "events" ("id" bigserial primary key, "user_id" bigint NOT NULL, "event" character varying, "type" character varying, "created_at" timestamp(6) NOT NULL, "updated_at" timestamp(6) NOT NULL, CONSTRAINT "fk_rails_0cb5590091"
FOREIGN KEY ("user_id")
  REFERENCES "users" ("id")
)[0m
  [1m[35m (1.7ms)[0m  [1m[35mCREATE  INDEX  "index_events_on_user_id" ON "events"  ("user_id")[0m
  [1m[36mprimary::SchemaMigration Create (25.7ms)[0m  [1m[32mINSERT INTO "schema_migrations" ("version") VALUES ($1) RETURNING "version"[0m  [["version", "20200914230320"]]
  [1m[35m (0.6ms)[0m  [1m[35mCOMMIT[0m
  [1m[36mActiveRecord::InternalMetadata Load (0.6ms)[0m  [1m[34mSELECT "ar_internal_metadata".* FROM "ar_internal_metadata" WHERE "ar_internal_metadata"."key" = $1 LIMIT $2[0m  [["key", "environment"], ["LIMIT", 1]]
  [1m[35m (25.2ms)[0m  [1m[35mBEGIN[0m
  [1m[36mActiveRecord::InternalMetadata Create (1.5ms)[0m  [1m[32mINSERT INTO "ar_internal_metadata" ("key", "value", "created_at", "updated_at") VALUES ($1, $2, $3, $4) RETURNING "key"[0m  [["key", "environment"], ["value", "development"], ["created_at", "2020-09-14 23:07:18.508086"], ["updated_at", "2020-09-14 23:07:18.508086"]]
  [1m[35m (0.5ms)[0m  [1m[35mCOMMIT[0m
  [1m[35m (0.5ms)[0m  [1m[34mSELECT pg_advisory_unlock(1712788611408402360)[0m
  [1m[35m (1.3ms)[0m  [1m[34mSELECT "schema_migrations"."version" FROM "schema_migrations" ORDER BY "schema_migrations"."version" ASC[0m
Started GET "/" for ::1 at 2020-09-14 19:40:37 -0400
  [1m[35m (1.0ms)[0m  [1m[34mSELECT "schema_migrations"."version" FROM "schema_migrations" ORDER BY "schema_migrations"."version" ASC[0m
Processing by Rails::WelcomeController#index as HTML
  Rendering /Users/meganlee/.rbenv/versions/2.6.6/lib/ruby/gems/2.6.0/gems/railties-6.0.3.3/lib/rails/templates/rails/welcome/index.html.erb
  Rendered /Users/meganlee/.rbenv/versions/2.6.6/lib/ruby/gems/2.6.0/gems/railties-6.0.3.3/lib/rails/templates/rails/welcome/index.html.erb (Duration: 11.6ms | Allocations: 482)
Completed 200 OK in 28ms (Views: 21.8ms | ActiveRecord: 0.0ms | Allocations: 2711)


Started GET "/" for ::1 at 2020-09-14 19:40:57 -0400
Processing by Rails::WelcomeController#index as HTML
  Rendering /Users/meganlee/.rbenv/versions/2.6.6/lib/ruby/gems/2.6.0/gems/railties-6.0.3.3/lib/rails/templates/rails/welcome/index.html.erb
  Rendered /Users/meganlee/.rbenv/versions/2.6.6/lib/ruby/gems/2.6.0/gems/railties-6.0.3.3/lib/rails/templates/rails/welcome/index.html.erb (Duration: 11.8ms | Allocations: 185)
Completed 200 OK in 15ms (Views: 13.4ms | ActiveRecord: 0.0ms | Allocations: 748)


  [1m[35m (0.9ms)[0m  [1m[34mSELECT "schema_migrations"."version" FROM "schema_migrations" ORDER BY "schema_migrations"."version" ASC[0m
  [1m[36mUser Load (1.2ms)[0m  [1m[34mSELECT "users".* FROM "users"[0m
  [1m[36mEvent Load (2.5ms)[0m  [1m[34mSELECT "events".* FROM "events"[0m
  [1m[35m (0.2ms)[0m  [1m[35mBEGIN[0m
  [1m[36mUser Create (24.1ms)[0m  [1m[32mINSERT INTO "users" ("username", "password", "created_at", "updated_at") VALUES ($1, $2, $3, $4) RETURNING "id"[0m  [["username", "Jane"], ["password", "janepass"], ["created_at", "2020-09-14 23:50:08.383060"], ["updated_at", "2020-09-14 23:50:08.383060"]]
  [1m[35m (0.9ms)[0m  [1m[35mCOMMIT[0m
  [1m[35m (0.2ms)[0m  [1m[35mBEGIN[0m
  [1m[36mUser Create (0.5ms)[0m  [1m[32mINSERT INTO "users" ("username", "password", "created_at", "updated_at") VALUES ($1, $2, $3, $4) RETURNING "id"[0m  [["username", "Jon"], ["password", "jonpass"], ["created_at", "2020-09-14 23:50:08.421283"], ["updated_at", "2020-09-14 23:50:08.421283"]]
  [1m[35m (0.3ms)[0m  [1m[35mCOMMIT[0m
  [1m[35m (0.7ms)[0m  [1m[34mSELECT "schema_migrations"."version" FROM "schema_migrations" ORDER BY "schema_migrations"."version" ASC[0m
  [1m[36mUser Load (0.8ms)[0m  [1m[34mSELECT "users".* FROM "users"[0m
  [1m[35m (13.0ms)[0m  [1m[35mBEGIN[0m
  [1m[36mUser Destroy (7.4ms)[0m  [1m[31mDELETE FROM "users" WHERE "users"."id" = $1[0m  [["id", 1]]
  [1m[35m (0.4ms)[0m  [1m[35mCOMMIT[0m
  [1m[35m (0.2ms)[0m  [1m[35mBEGIN[0m
  [1m[36mUser Destroy (0.4ms)[0m  [1m[31mDELETE FROM "users" WHERE "users"."id" = $1[0m  [["id", 2]]
  [1m[35m (24.0ms)[0m  [1m[35mCOMMIT[0m
  [1m[36mEvent Load (0.4ms)[0m  [1m[34mSELECT "events".* FROM "events"[0m
  [1m[35m (0.2ms)[0m  [1m[35mBEGIN[0m
  [1m[36mUser Create (0.5ms)[0m  [1m[32mINSERT INTO "users" ("username", "password", "created_at", "updated_at") VALUES ($1, $2, $3, $4) RETURNING "id"[0m  [["username", "Jane"], ["password", "janepass"], ["created_at", "2020-09-14 23:52:20.531190"], ["updated_at", "2020-09-14 23:52:20.531190"]]
  [1m[35m (25.3ms)[0m  [1m[35mCOMMIT[0m
  [1m[35m (0.2ms)[0m  [1m[35mBEGIN[0m
  [1m[36mUser Create (0.3ms)[0m  [1m[32mINSERT INTO "users" ("username", "password", "created_at", "updated_at") VALUES ($1, $2, $3, $4) RETURNING "id"[0m  [["username", "Jon"], ["password", "jonpass"], ["created_at", "2020-09-14 23:52:20.571674"], ["updated_at", "2020-09-14 23:52:20.571674"]]
  [1m[35m (23.6ms)[0m  [1m[35mCOMMIT[0m
  [1m[35m (21.4ms)[0m  [1m[35mBEGIN[0m
  [1m[36mUser Load (0.4ms)[0m  [1m[34mSELECT "users".* FROM "users" WHERE "users"."id" = $1 LIMIT $2[0m  [["id", 1], ["LIMIT", 1]]
  [1m[35m (0.3ms)[0m  [1m[31mROLLBACK[0m
  [1m[35m (0.1ms)[0m  [1m[35mBEGIN[0m
  [1m[36mUser Load (24.7ms)[0m  [1m[34mSELECT "users".* FROM "users" WHERE "users"."id" = $1 LIMIT $2[0m  [["id", 1], ["LIMIT", 1]]
  [1m[35m (0.3ms)[0m  [1m[31mROLLBACK[0m
  [1m[35m (0.2ms)[0m  [1m[35mBEGIN[0m
  [1m[36mUser Load (0.3ms)[0m  [1m[34mSELECT "users".* FROM "users" WHERE "users"."id" = $1 LIMIT $2[0m  [["id", 2], ["LIMIT", 1]]
  [1m[35m (0.1ms)[0m  [1m[31mROLLBACK[0m
  [1m[35m (0.1ms)[0m  [1m[35mBEGIN[0m
  [1m[36mUser Load (0.3ms)[0m  [1m[34mSELECT "users".* FROM "users" WHERE "users"."id" = $1 LIMIT $2[0m  [["id", 2], ["LIMIT", 1]]
  [1m[35m (0.2ms)[0m  [1m[31mROLLBACK[0m
Started GET "/api/v1/users" for ::1 at 2020-09-14 19:53:38 -0400
Processing by Api::V1::UsersController#index as HTML
  [1m[36mUser Load (16.3ms)[0m  [1m[34mSELECT "users".* FROM "users"[0m
  ↳ app/controllers/api/v1/users_controller.rb:5:in `index'
Completed 200 OK in 35ms (Views: 10.3ms | ActiveRecord: 23.5ms | Allocations: 5199)


Started GET "/api/v1/users/1" for ::1 at 2020-09-14 19:53:43 -0400
Processing by Api::V1::UsersController#show as HTML
  Parameters: {"id"=>"1"}
  [1m[36mUser Load (0.8ms)[0m  [1m[34mSELECT "users".* FROM "users" WHERE "users"."id" = $1 LIMIT $2[0m  [["id", 1], ["LIMIT", 1]]
  ↳ app/controllers/api/v1/users_controller.rb:10:in `show'
Completed 404 Not Found in 30ms (ActiveRecord: 1.3ms | Allocations: 1105)


  
ActiveRecord::RecordNotFound (Couldn't find User with 'id'=1):
  
app/controllers/api/v1/users_controller.rb:10:in `show'
Started GET "/api/v1/users/3" for ::1 at 2020-09-14 19:54:02 -0400
Processing by Api::V1::UsersController#show as HTML
  Parameters: {"id"=>"3"}
  [1m[36mUser Load (0.3ms)[0m  [1m[34mSELECT "users".* FROM "users" WHERE "users"."id" = $1 LIMIT $2[0m  [["id", 3], ["LIMIT", 1]]
  ↳ app/controllers/api/v1/users_controller.rb:10:in `show'
Completed 200 OK in 2ms (Views: 0.4ms | ActiveRecord: 0.3ms | Allocations: 793)


Started GET "/api/v1/users/4" for ::1 at 2020-09-14 19:54:06 -0400
Processing by Api::V1::UsersController#show as HTML
  Parameters: {"id"=>"4"}
  [1m[36mUser Load (0.3ms)[0m  [1m[34mSELECT "users".* FROM "users" WHERE "users"."id" = $1 LIMIT $2[0m  [["id", 4], ["LIMIT", 1]]
  ↳ app/controllers/api/v1/users_controller.rb:10:in `show'
Completed 200 OK in 3ms (Views: 0.7ms | ActiveRecord: 0.3ms | Allocations: 766)


  [1m[35m (0.2ms)[0m  [1m[34mSELECT pg_try_advisory_lock(1712788611408402360)[0m
  [1m[35m (1.0ms)[0m  [1m[34mSELECT "schema_migrations"."version" FROM "schema_migrations" ORDER BY "schema_migrations"."version" ASC[0m
Migrating to ChangeEvents (20200914235745)
  [1m[35m (0.3ms)[0m  [1m[35mBEGIN[0m
  [1m[35m (4.3ms)[0m  [1m[35mALTER TABLE "events" RENAME COLUMN "type" TO "event_type"[0m
  [1m[36mprimary::SchemaMigration Create (1.0ms)[0m  [1m[32mINSERT INTO "schema_migrations" ("version") VALUES ($1) RETURNING "version"[0m  [["version", "20200914235745"]]
  [1m[35m (0.8ms)[0m  [1m[35mCOMMIT[0m
  [1m[36mActiveRecord::InternalMetadata Load (4.0ms)[0m  [1m[34mSELECT "ar_internal_metadata".* FROM "ar_internal_metadata" WHERE "ar_internal_metadata"."key" = $1 LIMIT $2[0m  [["key", "environment"], ["LIMIT", 1]]
  [1m[35m (21.3ms)[0m  [1m[34mSELECT pg_advisory_unlock(1712788611408402360)[0m
  [1m[35m (1.2ms)[0m  [1m[34mSELECT "schema_migrations"."version" FROM "schema_migrations" ORDER BY "schema_migrations"."version" ASC[0m
  [1m[35m (0.6ms)[0m  [1m[34mSELECT "schema_migrations"."version" FROM "schema_migrations" ORDER BY "schema_migrations"."version" ASC[0m
  [1m[36mUser Load (0.6ms)[0m  [1m[34mSELECT "users".* FROM "users"[0m
  [1m[35m (13.1ms)[0m  [1m[35mBEGIN[0m
  [1m[36mUser Destroy (1.6ms)[0m  [1m[31mDELETE FROM "users" WHERE "users"."id" = $1[0m  [["id", 3]]
  [1m[35m (0.5ms)[0m  [1m[35mCOMMIT[0m
  [1m[35m (0.9ms)[0m  [1m[35mBEGIN[0m
  [1m[36mUser Destroy (0.6ms)[0m  [1m[31mDELETE FROM "users" WHERE "users"."id" = $1[0m  [["id", 4]]
  [1m[35m (24.9ms)[0m  [1m[35mCOMMIT[0m
  [1m[36mEvent Load (0.4ms)[0m  [1m[34mSELECT "events".* FROM "events"[0m
  [1m[35m (0.2ms)[0m  [1m[35mBEGIN[0m
  [1m[36mUser Create (25.1ms)[0m  [1m[32mINSERT INTO "users" ("username", "password", "created_at", "updated_at") VALUES ($1, $2, $3, $4) RETURNING "id"[0m  [["username", "Jane"], ["password", "janepass"], ["created_at", "2020-09-15 00:02:54.505183"], ["updated_at", "2020-09-15 00:02:54.505183"]]
  [1m[35m (0.5ms)[0m  [1m[35mCOMMIT[0m
  [1m[35m (0.2ms)[0m  [1m[35mBEGIN[0m
  [1m[36mUser Create (0.3ms)[0m  [1m[32mINSERT INTO "users" ("username", "password", "created_at", "updated_at") VALUES ($1, $2, $3, $4) RETURNING "id"[0m  [["username", "Jon"], ["password", "jonpass"], ["created_at", "2020-09-15 00:02:54.545052"], ["updated_at", "2020-09-15 00:02:54.545052"]]
  [1m[35m (22.4ms)[0m  [1m[35mCOMMIT[0m
  [1m[35m (0.2ms)[0m  [1m[35mBEGIN[0m
  [1m[36mUser Load (0.2ms)[0m  [1m[34mSELECT "users".* FROM "users" WHERE "users"."id" = $1 LIMIT $2[0m  [["id", 1], ["LIMIT", 1]]
  [1m[35m (25.4ms)[0m  [1m[31mROLLBACK[0m
  [1m[35m (0.7ms)[0m  [1m[35mBEGIN[0m
  [1m[36mUser Load (0.3ms)[0m  [1m[34mSELECT "users".* FROM "users" WHERE "users"."id" = $1 LIMIT $2[0m  [["id", 1], ["LIMIT", 1]]
  [1m[35m (0.5ms)[0m  [1m[31mROLLBACK[0m
  [1m[35m (0.2ms)[0m  [1m[35mBEGIN[0m
  [1m[36mUser Load (0.2ms)[0m  [1m[34mSELECT "users".* FROM "users" WHERE "users"."id" = $1 LIMIT $2[0m  [["id", 2], ["LIMIT", 1]]
  [1m[35m (0.1ms)[0m  [1m[31mROLLBACK[0m
  [1m[35m (0.1ms)[0m  [1m[35mBEGIN[0m
  [1m[36mUser Load (0.3ms)[0m  [1m[34mSELECT "users".* FROM "users" WHERE "users"."id" = $1 LIMIT $2[0m  [["id", 2], ["LIMIT", 1]]
  [1m[35m (0.1ms)[0m  [1m[31mROLLBACK[0m
  [1m[35m (0.6ms)[0m  [1m[34mSELECT "schema_migrations"."version" FROM "schema_migrations" ORDER BY "schema_migrations"."version" ASC[0m
  [1m[36mUser Load (0.8ms)[0m  [1m[34mSELECT "users".* FROM "users"[0m
  [1m[35m (17.6ms)[0m  [1m[35mBEGIN[0m
  [1m[36mUser Destroy (1.6ms)[0m  [1m[31mDELETE FROM "users" WHERE "users"."id" = $1[0m  [["id", 5]]
  [1m[35m (0.9ms)[0m  [1m[35mCOMMIT[0m
  [1m[35m (0.2ms)[0m  [1m[35mBEGIN[0m
  [1m[36mUser Destroy (0.5ms)[0m  [1m[31mDELETE FROM "users" WHERE "users"."id" = $1[0m  [["id", 6]]
  [1m[35m (0.3ms)[0m  [1m[35mCOMMIT[0m
  [1m[36mEvent Load (21.7ms)[0m  [1m[34mSELECT "events".* FROM "events"[0m
  [1m[35m (0.2ms)[0m  [1m[35mBEGIN[0m
  [1m[36mUser Create (0.5ms)[0m  [1m[32mINSERT INTO "users" ("username", "password", "created_at", "updated_at") VALUES ($1, $2, $3, $4) RETURNING "id"[0m  [["username", "Jane"], ["password", "janepass"], ["created_at", "2020-09-15 00:04:17.747350"], ["updated_at", "2020-09-15 00:04:17.747350"]]
  [1m[35m (0.4ms)[0m  [1m[35mCOMMIT[0m
  [1m[35m (0.1ms)[0m  [1m[35mBEGIN[0m
  [1m[36mUser Create (24.3ms)[0m  [1m[32mINSERT INTO "users" ("username", "password", "created_at", "updated_at") VALUES ($1, $2, $3, $4) RETURNING "id"[0m  [["username", "Jon"], ["password", "jonpass"], ["created_at", "2020-09-15 00:04:17.758636"], ["updated_at", "2020-09-15 00:04:17.758636"]]
  [1m[35m (0.4ms)[0m  [1m[35mCOMMIT[0m
  [1m[35m (21.0ms)[0m  [1m[35mBEGIN[0m
  [1m[36mUser Load (0.4ms)[0m  [1m[34mSELECT "users".* FROM "users" WHERE "users"."id" = $1 LIMIT $2[0m  [["id", 7], ["LIMIT", 1]]
  [1m[36mEvent Create (1.1ms)[0m  [1m[32mINSERT INTO "events" ("user_id", "event", "event_type", "created_at", "updated_at") VALUES ($1, $2, $3, $4, $5) RETURNING "id"[0m  [["user_id", 7], ["event", "400m"], ["event_type", "track"], ["created_at", "2020-09-15 00:04:17.842933"], ["updated_at", "2020-09-15 00:04:17.842933"]]
  [1m[35m (0.4ms)[0m  [1m[35mCOMMIT[0m
  [1m[35m (0.1ms)[0m  [1m[35mBEGIN[0m
  [1m[36mUser Load (0.2ms)[0m  [1m[34mSELECT "users".* FROM "users" WHERE "users"."id" = $1 LIMIT $2[0m  [["id", 7], ["LIMIT", 1]]
  [1m[36mEvent Create (0.4ms)[0m  [1m[32mINSERT INTO "events" ("user_id", "event", "event_type", "created_at", "updated_at") VALUES ($1, $2, $3, $4, $5) RETURNING "id"[0m  [["user_id", 7], ["event", "Tripple Jump"], ["event_type", "field"], ["created_at", "2020-09-15 00:04:17.850279"], ["updated_at", "2020-09-15 00:04:17.850279"]]
  [1m[35m (0.4ms)[0m  [1m[35mCOMMIT[0m
  [1m[35m (0.1ms)[0m  [1m[35mBEGIN[0m
  [1m[36mUser Load (0.2ms)[0m  [1m[34mSELECT "users".* FROM "users" WHERE "users"."id" = $1 LIMIT $2[0m  [["id", 8], ["LIMIT", 1]]
  [1m[36mEvent Create (0.3ms)[0m  [1m[32mINSERT INTO "events" ("user_id", "event", "event_type", "created_at", "updated_at") VALUES ($1, $2, $3, $4, $5) RETURNING "id"[0m  [["user_id", 8], ["event", "800m"], ["event_type", "track"], ["created_at", "2020-09-15 00:04:17.855725"], ["updated_at", "2020-09-15 00:04:17.855725"]]
  [1m[35m (0.2ms)[0m  [1m[35mCOMMIT[0m
  [1m[35m (0.2ms)[0m  [1m[35mBEGIN[0m
  [1m[36mUser Load (0.2ms)[0m  [1m[34mSELECT "users".* FROM "users" WHERE "users"."id" = $1 LIMIT $2[0m  [["id", 8], ["LIMIT", 1]]
  [1m[36mEvent Create (25.8ms)[0m  [1m[32mINSERT INTO "events" ("user_id", "event", "event_type", "created_at", "updated_at") VALUES ($1, $2, $3, $4, $5) RETURNING "id"[0m  [["user_id", 8], ["event", "1600m"], ["event_type", "track"], ["created_at", "2020-09-15 00:04:17.861004"], ["updated_at", "2020-09-15 00:04:17.861004"]]
  [1m[35m (0.5ms)[0m  [1m[35mCOMMIT[0m
Started GET "/api/v1/users/7" for ::1 at 2020-09-14 20:04:58 -0400
  [1m[35m (1.0ms)[0m  [1m[34mSELECT "schema_migrations"."version" FROM "schema_migrations" ORDER BY "schema_migrations"."version" ASC[0m
Processing by Api::V1::UsersController#show as HTML
  Parameters: {"id"=>"7"}
  [1m[36mUser Load (0.8ms)[0m  [1m[34mSELECT "users".* FROM "users" WHERE "users"."id" = $1 LIMIT $2[0m  [["id", 7], ["LIMIT", 1]]
  ↳ app/controllers/api/v1/users_controller.rb:10:in `show'
Completed 200 OK in 31ms (Views: 0.4ms | ActiveRecord: 18.4ms | Allocations: 4410)


Started GET "/api/v1/users/7/events" for ::1 at 2020-09-14 20:05:20 -0400
Processing by Api::V1::EventsController#index as HTML
  Parameters: {"user_id"=>"7"}
  [1m[36mEvent Load (0.8ms)[0m  [1m[34mSELECT "events".* FROM "events"[0m
  ↳ app/controllers/api/v1/events_controller.rb:6:in `index'
Completed 200 OK in 47ms (Views: 12.3ms | ActiveRecord: 31.9ms | Allocations: 6135)


Started GET "/api/v1/users/7/events" for ::1 at 2020-09-14 20:08:13 -0400
Processing by Api::V1::EventsController#index as HTML
  Parameters: {"user_id"=>"7"}
  [1m[36mEvent Load (24.4ms)[0m  [1m[34mSELECT "events".* FROM "events"[0m
  ↳ app/controllers/api/v1/events_controller.rb:6:in `index'
Completed 200 OK in 50ms (Views: 11.0ms | ActiveRecord: 29.1ms | Allocations: 5917)


Started GET "/api/v1/users/7" for ::1 at 2020-09-14 20:08:20 -0400
Processing by Api::V1::UsersController#show as HTML
  Parameters: {"id"=>"7"}
  [1m[36mUser Load (0.7ms)[0m  [1m[34mSELECT "users".* FROM "users" WHERE "users"."id" = $1 LIMIT $2[0m  [["id", 7], ["LIMIT", 1]]
  ↳ app/controllers/api/v1/users_controller.rb:10:in `show'
Completed 200 OK in 19ms (Views: 0.4ms | ActiveRecord: 5.7ms | Allocations: 4300)


Started GET "/api/v1/users/8" for ::1 at 2020-09-14 20:08:24 -0400
Processing by Api::V1::UsersController#show as HTML
  Parameters: {"id"=>"8"}
  [1m[36mUser Load (0.4ms)[0m  [1m[34mSELECT "users".* FROM "users" WHERE "users"."id" = $1 LIMIT $2[0m  [["id", 8], ["LIMIT", 1]]
  ↳ app/controllers/api/v1/users_controller.rb:10:in `show'
Completed 200 OK in 3ms (Views: 0.5ms | ActiveRecord: 0.4ms | Allocations: 749)


Started GET "/api/v1/events" for ::1 at 2020-09-14 20:08:39 -0400
  
ActionController::RoutingError (No route matches [GET] "/api/v1/events"):
  
actionpack (6.0.3.3) lib/action_dispatch/middleware/debug_exceptions.rb:36:in `call'
actionpack (6.0.3.3) lib/action_dispatch/middleware/show_exceptions.rb:33:in `call'
railties (6.0.3.3) lib/rails/rack/logger.rb:37:in `call_app'
railties (6.0.3.3) lib/rails/rack/logger.rb:26:in `block in call'
activesupport (6.0.3.3) lib/active_support/tagged_logging.rb:80:in `block in tagged'
activesupport (6.0.3.3) lib/active_support/tagged_logging.rb:28:in `tagged'
activesupport (6.0.3.3) lib/active_support/tagged_logging.rb:80:in `tagged'
railties (6.0.3.3) lib/rails/rack/logger.rb:26:in `call'
actionpack (6.0.3.3) lib/action_dispatch/middleware/remote_ip.rb:81:in `call'
actionpack (6.0.3.3) lib/action_dispatch/middleware/request_id.rb:27:in `call'
rack (2.2.3) lib/rack/runtime.rb:22:in `call'
activesupport (6.0.3.3) lib/active_support/cache/strategy/local_cache_middleware.rb:29:in `call'
actionpack (6.0.3.3) lib/action_dispatch/middleware/executor.rb:14:in `call'
actionpack (6.0.3.3) lib/action_dispatch/middleware/static.rb:126:in `call'
rack (2.2.3) lib/rack/sendfile.rb:110:in `call'
actionpack (6.0.3.3) lib/action_dispatch/middleware/host_authorization.rb:82:in `call'
railties (6.0.3.3) lib/rails/engine.rb:527:in `call'
puma (4.3.6) lib/puma/configuration.rb:228:in `call'
puma (4.3.6) lib/puma/server.rb:713:in `handle_request'
puma (4.3.6) lib/puma/server.rb:472:in `process_client'
puma (4.3.6) lib/puma/server.rb:328:in `block in run'
puma (4.3.6) lib/puma/thread_pool.rb:134:in `block in spawn_thread'
Started GET "/api/v1/users/7/events" for ::1 at 2020-09-14 20:08:49 -0400
Processing by Api::V1::EventsController#index as HTML
  Parameters: {"user_id"=>"7"}
  [1m[36mEvent Load (3.5ms)[0m  [1m[34mSELECT "events".* FROM "events"[0m
  ↳ app/controllers/api/v1/events_controller.rb:6:in `index'
Completed 200 OK in 8ms (Views: 3.8ms | ActiveRecord: 3.5ms | Allocations: 1338)


Started GET "/api/v1/users/7/events/1" for ::1 at 2020-09-14 20:10:41 -0400
Processing by Api::V1::EventsController#show as HTML
  Parameters: {"user_id"=>"7", "id"=>"1"}
  [1m[36mEvent Load (0.3ms)[0m  [1m[34mSELECT "events".* FROM "events" WHERE "events"."id" = $1 LIMIT $2[0m  [["id", 1], ["LIMIT", 1]]
  ↳ app/controllers/api/v1/events_controller.rb:45:in `find_event'
Completed 200 OK in 3ms (Views: 0.6ms | ActiveRecord: 0.3ms | Allocations: 888)


Started GET "/api/v1/users/7/events" for ::1 at 2020-09-14 20:10:45 -0400
Processing by Api::V1::EventsController#index as HTML
  Parameters: {"user_id"=>"7"}
  [1m[36mEvent Load (0.5ms)[0m  [1m[34mSELECT "events".* FROM "events"[0m
  ↳ app/controllers/api/v1/events_controller.rb:6:in `index'
Completed 200 OK in 15ms (Views: 14.5ms | ActiveRecord: 0.5ms | Allocations: 1361)


Started GET "/api/v1/users/7/events/4" for ::1 at 2020-09-14 20:10:49 -0400
Processing by Api::V1::EventsController#show as HTML
  Parameters: {"user_id"=>"7", "id"=>"4"}
  [1m[36mEvent Load (1.4ms)[0m  [1m[34mSELECT "events".* FROM "events" WHERE "events"."id" = $1 LIMIT $2[0m  [["id", 4], ["LIMIT", 1]]
  ↳ app/controllers/api/v1/events_controller.rb:45:in `find_event'
Completed 200 OK in 5ms (Views: 0.4ms | ActiveRecord: 1.4ms | Allocations: 778)


Started GET "/api/v1/users/7/events" for ::1 at 2020-09-14 20:10:52 -0400
Processing by Api::V1::EventsController#index as HTML
  Parameters: {"user_id"=>"7"}
  [1m[36mEvent Load (0.4ms)[0m  [1m[34mSELECT "events".* FROM "events"[0m
  ↳ app/controllers/api/v1/events_controller.rb:6:in `index'
Completed 200 OK in 3ms (Views: 2.5ms | ActiveRecord: 0.4ms | Allocations: 1339)


Started GET "/api/v1/users/7/events" for ::1 at 2020-09-14 20:18:45 -0400
Processing by Api::V1::EventsController#index as HTML
  Parameters: {"user_id"=>"7"}
  [1m[36mEvent Load (17.8ms)[0m  [1m[34mSELECT "events".* FROM "events"[0m
  ↳ app/controllers/api/v1/events_controller.rb:6:in `index'
Completed 200 OK in 34ms (Views: 13.0ms | ActiveRecord: 17.8ms | Allocations: 5744)


Started GET "/api/v1/users/7" for ::1 at 2020-09-14 20:19:04 -0400
Processing by Api::V1::UsersController#show as HTML
  Parameters: {"id"=>"7"}
  [1m[36mUser Load (0.8ms)[0m  [1m[34mSELECT "users".* FROM "users" WHERE "users"."id" = $1 LIMIT $2[0m  [["id", 7], ["LIMIT", 1]]
  ↳ app/controllers/api/v1/users_controller.rb:10:in `show'
Completed 200 OK in 39ms (Views: 0.5ms | ActiveRecord: 23.9ms | Allocations: 4126)


Started GET "/api/v1/users/7" for ::1 at 2020-09-14 20:21:40 -0400
Processing by Api::V1::UsersController#show as HTML
  Parameters: {"id"=>"7"}
  [1m[36mUser Load (0.3ms)[0m  [1m[34mSELECT "users".* FROM "users" WHERE "users"."id" = $1 LIMIT $2[0m  [["id", 7], ["LIMIT", 1]]
  ↳ app/controllers/api/v1/users_controller.rb:10:in `show'
Completed 200 OK in 34ms (Views: 0.4ms | ActiveRecord: 23.0ms | Allocations: 4557)


Started GET "/api/v1/users/7/events" for ::1 at 2020-09-14 20:21:43 -0400
Processing by Api::V1::EventsController#index as HTML
  Parameters: {"user_id"=>"7"}
  [1m[36mEvent Load (0.3ms)[0m  [1m[34mSELECT "events".* FROM "events" WHERE "events"."id" = $1 LIMIT $2[0m  [["id", 7], ["LIMIT", 1]]
  ↳ app/controllers/api/v1/events_controller.rb:5:in `index'
Completed 404 Not Found in 13ms (ActiveRecord: 7.3ms | Allocations: 1636)


  
ActiveRecord::RecordNotFound (Couldn't find Event with 'id'=7):
  
app/controllers/api/v1/events_controller.rb:5:in `index'
Started GET "/api/v1/users/7" for ::1 at 2020-09-14 20:22:15 -0400
Processing by Api::V1::UsersController#show as HTML
  Parameters: {"id"=>"7"}
  [1m[36mUser Load (0.6ms)[0m  [1m[34mSELECT "users".* FROM "users" WHERE "users"."id" = $1 LIMIT $2[0m  [["id", 7], ["LIMIT", 1]]
  ↳ app/controllers/api/v1/users_controller.rb:10:in `show'
Completed 200 OK in 4ms (Views: 0.4ms | ActiveRecord: 0.6ms | Allocations: 749)


Started GET "/api/v1/users/7/events" for ::1 at 2020-09-14 20:22:25 -0400
Processing by Api::V1::EventsController#index as HTML
  Parameters: {"user_id"=>"7"}
  [1m[36mEvent Load (0.4ms)[0m  [1m[34mSELECT "events".* FROM "events"[0m
  ↳ app/controllers/api/v1/events_controller.rb:6:in `index'
Completed 200 OK in 15ms (Views: 8.6ms | ActiveRecord: 3.3ms | Allocations: 5915)


Started GET "/api/v1/users/7/events" for ::1 at 2020-09-14 20:24:07 -0400
Processing by Api::V1::EventsController#index as HTML
  Parameters: {"user_id"=>"7"}
  [1m[36mEvent Load (0.5ms)[0m  [1m[34mSELECT "events"."user_id" FROM "events"[0m
  ↳ app/controllers/api/v1/events_controller.rb:6:in `index'
Completed 200 OK in 32ms (Views: 11.3ms | ActiveRecord: 17.1ms | Allocations: 5646)


Started GET "/api/v1/users/7/events" for ::1 at 2020-09-14 20:25:08 -0400
Processing by Api::V1::EventsController#index as HTML
  Parameters: {"user_id"=>"7"}
  [1m[36mEvent Load (0.3ms)[0m  [1m[34mSELECT "events".* FROM "events"[0m
  ↳ app/controllers/api/v1/events_controller.rb:6:in `index'
Completed 200 OK in 14ms (Views: 7.5ms | ActiveRecord: 3.6ms | Allocations: 5878)


Started GET "/api/v1/users/4/events" for ::1 at 2020-09-14 20:25:22 -0400
Processing by Api::V1::EventsController#index as HTML
  Parameters: {"user_id"=>"4"}
  [1m[36mEvent Load (0.3ms)[0m  [1m[34mSELECT "events".* FROM "events" WHERE "events"."id" = $1 LIMIT $2[0m  [["id", 4], ["LIMIT", 1]]
  ↳ app/controllers/api/v1/events_controller.rb:5:in `index'
Completed 200 OK in 42ms (Views: 0.4ms | ActiveRecord: 30.2ms | Allocations: 5452)


Started GET "/api/v1/users/4/events" for ::1 at 2020-09-14 20:25:48 -0400
Processing by Api::V1::EventsController#index as HTML
  Parameters: {"user_id"=>"4"}
Completed 404 Not Found in 6ms (ActiveRecord: 3.1ms | Allocations: 1196)


  
ActiveRecord::RecordNotFound (Couldn't find Event without an ID):
  
app/controllers/api/v1/events_controller.rb:5:in `index'
Started GET "/api/v1/users/7/events" for ::1 at 2020-09-14 20:26:04 -0400
Processing by Api::V1::EventsController#index as HTML
  Parameters: {"user_id"=>"7"}
Completed 404 Not Found in 0ms (ActiveRecord: 0.0ms | Allocations: 138)


  
ActiveRecord::RecordNotFound (Couldn't find Event without an ID):
  
app/controllers/api/v1/events_controller.rb:5:in `index'
Started GET "/api/v1/users/8/events" for ::1 at 2020-09-14 20:26:08 -0400
Processing by Api::V1::EventsController#index as HTML
  Parameters: {"user_id"=>"8"}
Completed 404 Not Found in 1ms (ActiveRecord: 0.0ms | Allocations: 138)


  
ActiveRecord::RecordNotFound (Couldn't find Event without an ID):
  
app/controllers/api/v1/events_controller.rb:5:in `index'
Started GET "/api/v1/users/8/events" for ::1 at 2020-09-14 20:26:19 -0400
Processing by Api::V1::EventsController#index as HTML
  Parameters: {"user_id"=>"8"}
  [1m[36mEvent Load (0.6ms)[0m  [1m[34mSELECT "events".* FROM "events" WHERE "events"."id" = $1 LIMIT $2[0m  [["id", 8], ["LIMIT", 1]]
  ↳ app/controllers/api/v1/events_controller.rb:5:in `index'
Completed 404 Not Found in 38ms (ActiveRecord: 30.5ms | Allocations: 1827)


  
ActiveRecord::RecordNotFound (Couldn't find Event with 'id'=8):
  
app/controllers/api/v1/events_controller.rb:5:in `index'
Started GET "/api/v1/users/3/events" for ::1 at 2020-09-14 20:26:26 -0400
Processing by Api::V1::EventsController#index as HTML
  Parameters: {"user_id"=>"3"}
  [1m[36mEvent Load (0.5ms)[0m  [1m[34mSELECT "events".* FROM "events" WHERE "events"."id" = $1 LIMIT $2[0m  [["id", 3], ["LIMIT", 1]]
  ↳ app/controllers/api/v1/events_controller.rb:5:in `index'
Completed 200 OK in 11ms (Views: 0.5ms | ActiveRecord: 0.5ms | Allocations: 4284)


Started GET "/api/v1/users/7/events" for ::1 at 2020-09-14 20:27:57 -0400
Processing by Api::V1::EventsController#index as HTML
  Parameters: {"user_id"=>"7"}
Completed 500 Internal Server Error in 33ms (ActiveRecord: 27.5ms | Allocations: 1126)


  
ArgumentError (Unsupported argument type: user_id (Symbol)):
  
app/controllers/api/v1/events_controller.rb:5:in `index'
Started GET "/api/v1/users/7/events" for ::1 at 2020-09-14 20:28:31 -0400
Processing by Api::V1::EventsController#index as HTML
  Parameters: {"user_id"=>"7"}
Completed 500 Internal Server Error in 186ms (ActiveRecord: 0.0ms | Allocations: 70384)


  
NameError (undefined local variable or method `user_id' for #<Api::V1::EventsController:0x00007fac4fb2ac48>):
  
app/controllers/api/v1/events_controller.rb:5:in `index'
Started GET "/api/v1/users/7/events" for ::1 at 2020-09-14 20:29:23 -0400
Processing by Api::V1::EventsController#index as HTML
  Parameters: {"user_id"=>"7"}
  [1m[36mEvent Load (0.3ms)[0m  [1m[34mSELECT "events".* FROM "events" WHERE "events"."user_id" = $1 LIMIT $2[0m  [["user_id", 7], ["LIMIT", 1]]
  ↳ app/controllers/api/v1/events_controller.rb:5:in `index'
Completed 200 OK in 46ms (Views: 0.4ms | ActiveRecord: 30.5ms | Allocations: 5487)


Started GET "/api/v1/users/7" for ::1 at 2020-09-14 20:29:30 -0400
Processing by Api::V1::UsersController#show as HTML
  Parameters: {"id"=>"7"}
  [1m[36mUser Load (0.7ms)[0m  [1m[34mSELECT "users".* FROM "users" WHERE "users"."id" = $1 LIMIT $2[0m  [["id", 7], ["LIMIT", 1]]
  ↳ app/controllers/api/v1/users_controller.rb:10:in `show'
Completed 200 OK in 17ms (Views: 0.4ms | ActiveRecord: 5.7ms | Allocations: 4299)


Started GET "/api/v1/users/7" for ::1 at 2020-09-14 20:29:41 -0400
Processing by Api::V1::UsersController#show as HTML
  Parameters: {"id"=>"7"}
  [1m[36mUser Load (0.2ms)[0m  [1m[34mSELECT "users".* FROM "users" WHERE "users"."id" = $1 LIMIT $2[0m  [["id", 7], ["LIMIT", 1]]
  ↳ app/controllers/api/v1/users_controller.rb:10:in `show'
Completed 200 OK in 11ms (Views: 0.3ms | ActiveRecord: 3.6ms | Allocations: 4530)


Started GET "/api/v1/users/7/events" for ::1 at 2020-09-14 20:29:44 -0400
Processing by Api::V1::EventsController#index as HTML
  Parameters: {"user_id"=>"7"}
  [1m[36mEvent Load (10.1ms)[0m  [1m[34mSELECT "events".* FROM "events"[0m
  ↳ app/controllers/api/v1/events_controller.rb:6:in `index'
Completed 200 OK in 64ms (Views: 13.0ms | ActiveRecord: 46.3ms | Allocations: 5689)


Started GET "/api/v1/users/7/events" for ::1 at 2020-09-14 20:31:15 -0400
Processing by Api::V1::EventsController#index as HTML
  Parameters: {"user_id"=>"7"}
  [1m[36mEvent Load (0.3ms)[0m  [1m[34mSELECT "events".* FROM "events" WHERE "events"."user_id" = $1[0m  [["user_id", 7]]
  ↳ app/controllers/api/v1/events_controller.rb:6:in `index'
Completed 200 OK in 15ms (Views: 7.9ms | ActiveRecord: 4.1ms | Allocations: 5708)


Started GET "/api/v1/users/7/events/1" for ::1 at 2020-09-14 20:31:32 -0400
Processing by Api::V1::EventsController#show as HTML
  Parameters: {"user_id"=>"7", "id"=>"1"}
  [1m[36mEvent Load (0.2ms)[0m  [1m[34mSELECT "events".* FROM "events" WHERE "events"."id" = $1 LIMIT $2[0m  [["id", 1], ["LIMIT", 1]]
  ↳ app/controllers/api/v1/events_controller.rb:45:in `find_event'
Completed 500 Internal Server Error in 199ms (ActiveRecord: 3.5ms | Allocations: 75157)


  
NameError (undefined local variable or method `event' for #<Api::V1::EventsController:0x00007fac4faa82e8>):
  
app/controllers/api/v1/events_controller.rb:10:in `show'
Started GET "/api/v1/users/7/events/1" for ::1 at 2020-09-14 20:31:57 -0400
Processing by Api::V1::EventsController#show as HTML
  Parameters: {"user_id"=>"7", "id"=>"1"}
  [1m[36mEvent Load (0.2ms)[0m  [1m[34mSELECT "events".* FROM "events" WHERE "events"."id" = $1 LIMIT $2[0m  [["id", 1], ["LIMIT", 1]]
  ↳ app/controllers/api/v1/events_controller.rb:46:in `find_event'
Completed 500 Internal Server Error in 14ms (ActiveRecord: 3.3ms | Allocations: 5761)


  
NoMethodError (undefined method `where' for nil:NilClass
Did you mean?  when):
  
app/controllers/api/v1/events_controller.rb:10:in `show'
Started GET "/api/v1/users/7/events" for ::1 at 2020-09-14 20:32:01 -0400
Processing by Api::V1::EventsController#index as HTML
  Parameters: {"user_id"=>"7"}
  [1m[36mEvent Load (0.3ms)[0m  [1m[34mSELECT "events".* FROM "events" WHERE "events"."user_id" = $1[0m  [["user_id", 7]]
  ↳ app/controllers/api/v1/events_controller.rb:6:in `index'
Completed 200 OK in 2ms (Views: 1.6ms | ActiveRecord: 0.3ms | Allocations: 1176)


Started GET "/api/v1/users/7/events/1" for ::1 at 2020-09-14 20:32:14 -0400
Processing by Api::V1::EventsController#show as HTML
  Parameters: {"user_id"=>"7", "id"=>"1"}
  [1m[36mEvent Load (0.2ms)[0m  [1m[34mSELECT "events".* FROM "events" WHERE "events"."id" = $1 LIMIT $2[0m  [["id", 1], ["LIMIT", 1]]
  ↳ app/controllers/api/v1/events_controller.rb:45:in `find_event'
Completed 500 Internal Server Error in 272ms (ActiveRecord: 31.6ms | Allocations: 75142)


  
NameError (undefined local variable or method `event' for #<Api::V1::EventsController:0x00007fac554056d8>):
  
app/controllers/api/v1/events_controller.rb:10:in `show'
Started GET "/api/v1/users/7/events" for ::1 at 2020-09-14 20:32:27 -0400
Processing by Api::V1::EventsController#index as HTML
  Parameters: {"user_id"=>"7"}
  [1m[36mEvent Load (0.4ms)[0m  [1m[34mSELECT "events".* FROM "events" WHERE "events"."user_id" = $1[0m  [["user_id", 7]]
  ↳ app/controllers/api/v1/events_controller.rb:6:in `index'
Completed 200 OK in 3ms (Views: 1.9ms | ActiveRecord: 0.4ms | Allocations: 1176)


Started GET "/api/v1/users/7/events/1" for ::1 at 2020-09-14 20:32:36 -0400
Processing by Api::V1::EventsController#show as HTML
  Parameters: {"user_id"=>"7", "id"=>"1"}
  [1m[36mEvent Load (0.2ms)[0m  [1m[34mSELECT "events".* FROM "events" WHERE "events"."id" = $1 LIMIT $2[0m  [["id", 1], ["LIMIT", 1]]
  ↳ app/controllers/api/v1/events_controller.rb:45:in `find_event'
Completed 500 Internal Server Error in 231ms (ActiveRecord: 0.2ms | Allocations: 70495)


  
NameError (undefined local variable or method `event' for #<Api::V1::EventsController:0x00007fac55298890>):
  
app/controllers/api/v1/events_controller.rb:10:in `show'
Started GET "/api/v1/users/7/events/1" for ::1 at 2020-09-14 20:33:21 -0400
Processing by Api::V1::EventsController#show as HTML
  Parameters: {"user_id"=>"7", "id"=>"1"}
  [1m[36mEvent Load (0.2ms)[0m  [1m[34mSELECT "events".* FROM "events" WHERE "events"."id" = $1 LIMIT $2[0m  [["id", 1], ["LIMIT", 1]]
  ↳ app/controllers/api/v1/events_controller.rb:45:in `find_event'
Completed 500 Internal Server Error in 215ms (ActiveRecord: 3.8ms | Allocations: 75167)


  
NameError (undefined local variable or method `event' for #<Api::V1::EventsController:0x00007fac530d7968>):
  
app/controllers/api/v1/events_controller.rb:10:in `show'
Started GET "/api/v1/users/7/events" for ::1 at 2020-09-14 20:33:25 -0400
Processing by Api::V1::EventsController#index as HTML
  Parameters: {"user_id"=>"7"}
  [1m[36mEvent Load (0.4ms)[0m  [1m[34mSELECT "events".* FROM "events"[0m
  ↳ app/controllers/api/v1/events_controller.rb:6:in `index'
Completed 200 OK in 4ms (Views: 2.9ms | ActiveRecord: 0.4ms | Allocations: 1349)


Started GET "/api/v1/users/7/events/1" for ::1 at 2020-09-14 20:35:03 -0400
Processing by Api::V1::EventsController#show as HTML
  Parameters: {"user_id"=>"7", "id"=>"1"}
  [1m[36mEvent Load (8.3ms)[0m  [1m[34mSELECT "events".* FROM "events" WHERE "events"."id" = $1 LIMIT $2[0m  [["id", 1], ["LIMIT", 1]]
  ↳ app/controllers/api/v1/events_controller.rb:45:in `find_event'
Completed 500 Internal Server Error in 210ms (ActiveRecord: 8.3ms | Allocations: 70470)


  
NameError (undefined local variable or method `event' for #<Api::V1::EventsController:0x00007fac551d3f68>):
  
app/controllers/api/v1/events_controller.rb:10:in `show'
Started GET "/api/v1/users/7/events/1" for ::1 at 2020-09-14 20:36:18 -0400
Processing by Api::V1::EventsController#show as HTML
  Parameters: {"user_id"=>"7", "id"=>"1"}
  [1m[36mEvent Load (0.2ms)[0m  [1m[34mSELECT "events".* FROM "events" WHERE "events"."id" = $1 LIMIT $2[0m  [["id", 1], ["LIMIT", 1]]
  ↳ app/controllers/api/v1/events_controller.rb:45:in `find_event'
Completed 200 OK in 15ms (Views: 0.3ms | ActiveRecord: 3.6ms | Allocations: 5477)


Started GET "/api/v1/users/7/events" for ::1 at 2020-09-14 20:36:38 -0400
Processing by Api::V1::EventsController#index as HTML
  Parameters: {"user_id"=>"7"}
  [1m[36mEvent Load (0.3ms)[0m  [1m[34mSELECT "events".* FROM "events" WHERE "events"."user_id" = $1[0m  [["user_id", 7]]
  ↳ app/controllers/api/v1/events_controller.rb:6:in `index'
Completed 200 OK in 47ms (Views: 13.6ms | ActiveRecord: 29.8ms | Allocations: 5743)


Started GET "/api/v1/users/7/events/1" for ::1 at 2020-09-14 20:36:41 -0400
Processing by Api::V1::EventsController#show as HTML
  Parameters: {"user_id"=>"7", "id"=>"1"}
  [1m[36mEvent Load (1.2ms)[0m  [1m[34mSELECT "events".* FROM "events" WHERE "events"."id" = $1 LIMIT $2[0m  [["id", 1], ["LIMIT", 1]]
  ↳ app/controllers/api/v1/events_controller.rb:45:in `find_event'
Completed 200 OK in 4ms (Views: 0.5ms | ActiveRecord: 1.2ms | Allocations: 885)


Started GET "/api/v1/users/7/events/3" for ::1 at 2020-09-14 20:36:43 -0400
Processing by Api::V1::EventsController#show as HTML
  Parameters: {"user_id"=>"7", "id"=>"3"}
  [1m[36mEvent Load (0.4ms)[0m  [1m[34mSELECT "events".* FROM "events" WHERE "events"."id" = $1 LIMIT $2[0m  [["id", 3], ["LIMIT", 1]]
  ↳ app/controllers/api/v1/events_controller.rb:45:in `find_event'
Completed 200 OK in 3ms (Views: 0.5ms | ActiveRecord: 0.4ms | Allocations: 778)


Started GET "/api/v1/users/7/events/2" for ::1 at 2020-09-14 20:37:24 -0400
Processing by Api::V1::EventsController#show as HTML
  Parameters: {"user_id"=>"7", "id"=>"2"}
  [1m[36mEvent Load (0.2ms)[0m  [1m[34mSELECT "events".* FROM "events" WHERE "events"."user_id" = $1 AND "events"."id" = $2[0m  [["user_id", 7], ["id", 2]]
  ↳ app/controllers/api/v1/events_controller.rb:10:in `show'
Completed 200 OK in 49ms (Views: 18.2ms | ActiveRecord: 27.8ms | Allocations: 5651)


Started GET "/api/v1/users/7/events/3" for ::1 at 2020-09-14 20:37:27 -0400
Processing by Api::V1::EventsController#show as HTML
  Parameters: {"user_id"=>"7", "id"=>"3"}
  [1m[36mEvent Load (0.4ms)[0m  [1m[34mSELECT "events".* FROM "events" WHERE "events"."user_id" = $1 AND "events"."id" = $2[0m  [["user_id", 7], ["id", 3]]
  ↳ app/controllers/api/v1/events_controller.rb:10:in `show'
Completed 200 OK in 3ms (Views: 2.0ms | ActiveRecord: 0.4ms | Allocations: 952)


Started GET "/api/v1/users/7/events/1" for ::1 at 2020-09-14 20:37:31 -0400
Processing by Api::V1::EventsController#show as HTML
  Parameters: {"user_id"=>"7", "id"=>"1"}
  [1m[36mEvent Load (0.3ms)[0m  [1m[34mSELECT "events".* FROM "events" WHERE "events"."user_id" = $1 AND "events"."id" = $2[0m  [["user_id", 7], ["id", 1]]
  ↳ app/controllers/api/v1/events_controller.rb:10:in `show'
Completed 200 OK in 2ms (Views: 1.5ms | ActiveRecord: 0.3ms | Allocations: 1074)


Started GET "/api/v1/users/8/events/1" for ::1 at 2020-09-14 20:37:35 -0400
Processing by Api::V1::EventsController#show as HTML
  Parameters: {"user_id"=>"8", "id"=>"1"}
  [1m[36mEvent Load (1.9ms)[0m  [1m[34mSELECT "events".* FROM "events" WHERE "events"."user_id" = $1 AND "events"."id" = $2[0m  [["user_id", 8], ["id", 1]]
  ↳ app/controllers/api/v1/events_controller.rb:10:in `show'
Completed 200 OK in 5ms (Views: 2.4ms | ActiveRecord: 1.9ms | Allocations: 952)


Started GET "/api/v1/users/8/events/3" for ::1 at 2020-09-14 20:37:39 -0400
Processing by Api::V1::EventsController#show as HTML
  Parameters: {"user_id"=>"8", "id"=>"3"}
  [1m[36mEvent Load (4.6ms)[0m  [1m[34mSELECT "events".* FROM "events" WHERE "events"."user_id" = $1 AND "events"."id" = $2[0m  [["user_id", 8], ["id", 3]]
  ↳ app/controllers/api/v1/events_controller.rb:10:in `show'
Completed 200 OK in 8ms (Views: 3.1ms | ActiveRecord: 4.6ms | Allocations: 1074)


Started GET "/api/v1/users/8/events/3" for ::1 at 2020-09-14 20:39:05 -0400
Processing by Api::V1::EventsController#show as HTML
  Parameters: {"user_id"=>"8", "id"=>"3"}
  [1m[36mEvent Load (0.3ms)[0m  [1m[34mSELECT "events".* FROM "events" WHERE "events"."user_id" = $1 AND "events"."id" = $2[0m  [["user_id", 8], ["id", 3]]
  ↳ app/controllers/api/v1/events_controller.rb:10:in `show'
Completed 200 OK in 23ms (Views: 15.6ms | ActiveRecord: 4.1ms | Allocations: 5653)


Started GET "/api/v1/users/8/events" for ::1 at 2020-09-14 20:39:08 -0400
Processing by Api::V1::EventsController#index as HTML
  Parameters: {"user_id"=>"8"}
  [1m[36mEvent Load (4.0ms)[0m  [1m[34mSELECT "events".* FROM "events" WHERE "events"."user_id" = $1[0m  [["user_id", 8]]
  ↳ app/controllers/api/v1/events_controller.rb:6:in `index'
Completed 200 OK in 7ms (Views: 2.9ms | ActiveRecord: 4.0ms | Allocations: 1166)


Started GET "/api/v1/users/8" for ::1 at 2020-09-14 20:39:12 -0400
Processing by Api::V1::UsersController#show as HTML
  Parameters: {"id"=>"8"}
  [1m[36mUser Load (0.3ms)[0m  [1m[34mSELECT "users".* FROM "users" WHERE "users"."id" = $1 LIMIT $2[0m  [["id", 8], ["LIMIT", 1]]
  ↳ app/controllers/api/v1/users_controller.rb:10:in `show'
Completed 200 OK in 46ms (Views: 0.5ms | ActiveRecord: 30.3ms | Allocations: 4299)


Started GET "/api/v1/users" for ::1 at 2020-09-14 20:39:25 -0400
Processing by Api::V1::UsersController#index as HTML
  [1m[36mUser Load (0.3ms)[0m  [1m[34mSELECT "users".* FROM "users"[0m
  ↳ app/controllers/api/v1/users_controller.rb:5:in `index'
Completed 200 OK in 2ms (Views: 1.6ms | ActiveRecord: 0.3ms | Allocations: 1067)


Started DELETE "/api/v1/users/7/events/1" for ::1 at 2020-09-14 20:44:12 -0400
Processing by Api::V1::EventsController#destroy as */*
  Parameters: {"answer"=>"Setting up the viewport (assuming you're referring to the meta tag) allows the document to know how to behave depending on the different screen sizes. It's useful for responsive design.", "user_id"=>"7", "id"=>"1", "event"=>{}}
Completed 500 Internal Server Error in 18ms (ActiveRecord: 0.0ms | Allocations: 281)


  
ArgumentError (wrong number of arguments (given 0, expected 1)):
  
app/controllers/api/v1/events_controller.rb:33:in `destroy'
Started DELETE "/api/v1/users/7/events/1" for ::1 at 2020-09-14 20:44:34 -0400
Processing by Api::V1::EventsController#destroy as */*
  Parameters: {"user_id"=>"7", "id"=>"1"}
Completed 500 Internal Server Error in 1ms (ActiveRecord: 0.0ms | Allocations: 189)


  
ArgumentError (wrong number of arguments (given 0, expected 1)):
  
app/controllers/api/v1/events_controller.rb:33:in `destroy'
Started GET "/api/v1/users/7" for ::1 at 2020-09-14 20:45:17 -0400
Processing by Api::V1::UsersController#show as HTML
  Parameters: {"id"=>"7"}
  [1m[36mUser Load (0.3ms)[0m  [1m[34mSELECT "users".* FROM "users" WHERE "users"."id" = $1 LIMIT $2[0m  [["id", 7], ["LIMIT", 1]]
  ↳ app/controllers/api/v1/users_controller.rb:10:in `show'
Completed 200 OK in 4ms (Views: 1.1ms | ActiveRecord: 0.3ms | Allocations: 748)


Started GET "/api/v1/users/7/events" for ::1 at 2020-09-14 20:45:18 -0400
Processing by Api::V1::EventsController#index as HTML
  Parameters: {"user_id"=>"7"}
  [1m[36mEvent Load (0.5ms)[0m  [1m[34mSELECT "events".* FROM "events" WHERE "events"."user_id" = $1[0m  [["user_id", 7]]
  ↳ app/controllers/api/v1/events_controller.rb:6:in `index'
Completed 200 OK in 4ms (Views: 3.5ms | ActiveRecord: 0.5ms | Allocations: 1166)


Started GET "/api/v1/users/7/events/1" for ::1 at 2020-09-14 20:45:20 -0400
Processing by Api::V1::EventsController#show as HTML
  Parameters: {"user_id"=>"7", "id"=>"1"}
  [1m[36mEvent Load (0.3ms)[0m  [1m[34mSELECT "events".* FROM "events" WHERE "events"."user_id" = $1 AND "events"."id" = $2[0m  [["user_id", 7], ["id", 1]]
  ↳ app/controllers/api/v1/events_controller.rb:10:in `show'
Completed 200 OK in 3ms (Views: 2.1ms | ActiveRecord: 0.3ms | Allocations: 1074)


Started DELETE "/api/v1/users/7/events/1" for ::1 at 2020-09-14 20:47:32 -0400
Processing by Api::V1::EventsController#destroy as */*
  Parameters: {"user_id"=>"7", "id"=>"1"}
  [1m[36mEvent Load (0.2ms)[0m  [1m[34mSELECT "events".* FROM "events" WHERE "events"."id" = $1 LIMIT $2[0m  [["id", 1], ["LIMIT", 1]]
  ↳ app/controllers/api/v1/events_controller.rb:45:in `find_event'
  [1m[35m (0.2ms)[0m  [1m[35mBEGIN[0m
  ↳ app/controllers/api/v1/events_controller.rb:33:in `destroy'
  [1m[36mEvent Destroy (0.6ms)[0m  [1m[31mDELETE FROM "events" WHERE "events"."id" = $1[0m  [["id", 1]]
  ↳ app/controllers/api/v1/events_controller.rb:33:in `destroy'
  [1m[35m (0.8ms)[0m  [1m[35mCOMMIT[0m
  ↳ app/controllers/api/v1/events_controller.rb:33:in `destroy'
Completed 400 Bad Request in 54ms (Views: 0.2ms | ActiveRecord: 34.0ms | Allocations: 7285)


Started GET "/api/v1/users/7/events/1" for ::1 at 2020-09-14 20:48:40 -0400
Processing by Api::V1::EventsController#show as HTML
  Parameters: {"user_id"=>"7", "id"=>"1"}
Completed 200 OK in 6ms (Views: 0.1ms | ActiveRecord: 1.6ms | Allocations: 1140)


Started GET "/api/v1/users/7/events/2" for ::1 at 2020-09-14 20:48:49 -0400
Processing by Api::V1::EventsController#show as HTML
  Parameters: {"user_id"=>"7", "id"=>"2"}
Completed 200 OK in 1ms (Views: 0.2ms | ActiveRecord: 0.0ms | Allocations: 157)


Started GET "/api/v1/users/7/events/2" for ::1 at 2020-09-14 20:48:58 -0400
Processing by Api::V1::EventsController#show as HTML
  Parameters: {"user_id"=>"7", "id"=>"2"}
  [1m[36mEvent Load (0.2ms)[0m  [1m[34mSELECT "events".* FROM "events" WHERE "events"."user_id" = $1 AND "events"."id" = $2[0m  [["user_id", 7], ["id", 2]]
  ↳ app/controllers/api/v1/events_controller.rb:11:in `show'
Completed 200 OK in 25ms (Views: 18.4ms | ActiveRecord: 3.9ms | Allocations: 5645)


Started GET "/api/v1/users/7/events/1" for ::1 at 2020-09-14 20:49:01 -0400
Processing by Api::V1::EventsController#show as HTML
  Parameters: {"user_id"=>"7", "id"=>"1"}
  [1m[36mEvent Load (0.3ms)[0m  [1m[34mSELECT "events".* FROM "events" WHERE "events"."user_id" = $1 AND "events"."id" = $2[0m  [["user_id", 7], ["id", 1]]
  ↳ app/controllers/api/v1/events_controller.rb:11:in `show'
Completed 200 OK in 5ms (Views: 4.3ms | ActiveRecord: 0.3ms | Allocations: 946)


Started GET "/api/v1/users/7/events/2" for ::1 at 2020-09-14 20:49:04 -0400
Processing by Api::V1::EventsController#show as HTML
  Parameters: {"user_id"=>"7", "id"=>"2"}
  [1m[36mEvent Load (0.3ms)[0m  [1m[34mSELECT "events".* FROM "events" WHERE "events"."user_id" = $1 AND "events"."id" = $2[0m  [["user_id", 7], ["id", 2]]
  ↳ app/controllers/api/v1/events_controller.rb:11:in `show'
Completed 200 OK in 8ms (Views: 7.1ms | ActiveRecord: 0.3ms | Allocations: 1068)


Started GET "/api/v1/users/8/events" for ::1 at 2020-09-14 20:49:10 -0400
Processing by Api::V1::EventsController#index as HTML
  Parameters: {"user_id"=>"8"}
  [1m[36mEvent Load (0.5ms)[0m  [1m[34mSELECT "events".* FROM "events" WHERE "events"."user_id" = $1[0m  [["user_id", 8]]
  ↳ app/controllers/api/v1/events_controller.rb:6:in `index'
Completed 200 OK in 10ms (Views: 8.8ms | ActiveRecord: 0.5ms | Allocations: 1166)


Started GET "/api/v1/users/8/events/4" for ::1 at 2020-09-14 20:49:16 -0400
Processing by Api::V1::EventsController#show as HTML
  Parameters: {"user_id"=>"8", "id"=>"4"}
  [1m[36mEvent Load (3.8ms)[0m  [1m[34mSELECT "events".* FROM "events" WHERE "events"."user_id" = $1 AND "events"."id" = $2[0m  [["user_id", 8], ["id", 4]]
  ↳ app/controllers/api/v1/events_controller.rb:11:in `show'
Completed 200 OK in 10ms (Views: 5.3ms | ActiveRecord: 3.8ms | Allocations: 1068)


